TN:
SF:/Users/adamellis/IdeaProjects/Feedback/app/app.module.js
FN:7,(anonymous_1)
FNF:1
FNH:1
FNDA:1,(anonymous_1)
DA:7,1
DA:8,1
LF:2
LH:2
BRF:0
BRH:0
end_of_record
TN:
SF:/Users/adamellis/IdeaProjects/Feedback/app/app.constants.js
FN:4,(anonymous_1)
FNF:1
FNH:1
FNDA:1,(anonymous_1)
DA:4,1
DA:5,1
LF:2
LH:2
BRF:0
BRH:0
end_of_record
TN:
SF:/Users/adamellis/IdeaProjects/Feedback/app/app.route.js
FN:6,(anonymous_1)
FN:9,(anonymous_2)
FNF:2
FNH:2
FNDA:1,(anonymous_1)
FNDA:9,(anonymous_2)
DA:6,1
DA:7,1
DA:10,9
DA:17,9
LF:4
LH:4
BRF:0
BRH:0
end_of_record
TN:
SF:/Users/adamellis/IdeaProjects/Feedback/app/components/build-form.directive.js
FN:1,(anonymous_1)
FN:7,buildForm
FN:17,link
FN:28,watchAndDestroy
FN:29,(anonymous_5)
FN:32,(anonymous_6)
FNF:6
FNH:1
FNDA:1,(anonymous_1)
FNDA:0,buildForm
FNDA:0,link
FNDA:0,watchAndDestroy
FNDA:0,(anonymous_5)
FNDA:0,(anonymous_6)
DA:1,1
DA:2,1
DA:5,1
DA:7,1
DA:9,0
DA:17,1
DA:18,0
DA:25,0
DA:28,1
DA:29,0
DA:30,0
DA:32,0
DA:33,0
LF:13
LH:6
BRF:0
BRH:0
end_of_record
TN:
SF:/Users/adamellis/IdeaProjects/Feedback/app/components/notification.directive.js
FN:4,(anonymous_1)
FN:7,(anonymous_2)
FN:8,link
FNF:3
FNH:1
FNDA:1,(anonymous_1)
FNDA:0,(anonymous_2)
FNDA:0,link
DA:4,1
DA:5,1
DA:8,1
DA:9,0
DA:12,0
LF:5
LH:3
BRF:0
BRH:0
end_of_record
TN:
SF:/Users/adamellis/IdeaProjects/Feedback/app/components/render-form.directive.js
FN:4,(anonymous_1)
FN:6,(anonymous_2)
FN:17,link
FN:26,watchAndDestroy
FN:27,(anonymous_5)
FN:31,(anonymous_6)
FNF:6
FNH:1
FNDA:1,(anonymous_1)
FNDA:0,(anonymous_2)
FNDA:0,link
FNDA:0,watchAndDestroy
FNDA:0,(anonymous_5)
FNDA:0,(anonymous_6)
DA:4,1
DA:5,1
DA:8,0
DA:17,1
DA:18,0
DA:22,0
DA:23,0
DA:26,1
DA:27,0
DA:28,0
DA:31,0
DA:32,0
LF:12
LH:4
BRDA:19,1,0,0
BRDA:19,1,1,0
BRF:2
BRH:0
end_of_record
TN:
SF:/Users/adamellis/IdeaProjects/Feedback/app/components/tooltip.directive.js
FNF:0
FNH:0
LF:0
LH:0
BRF:0
BRH:0
end_of_record
TN:
SF:/Users/adamellis/IdeaProjects/Feedback/app/filters/firstName.filters.js
FN:4,(anonymous_1)
FN:11,firstName
FN:16,nameFilter
FNF:3
FNH:3
FNDA:1,(anonymous_1)
FNDA:3,firstName
FNDA:3,nameFilter
DA:4,1
DA:7,1
DA:11,1
DA:12,3
DA:16,1
DA:17,3
DA:18,3
LF:7
LH:7
BRF:0
BRH:0
end_of_record
TN:
SF:/Users/adamellis/IdeaProjects/Feedback/app/filters/firstName.filters.spec.js
FN:5,(anonymous_1)
FN:8,(anonymous_2)
FN:12,(anonymous_3)
FN:14,(anonymous_4)
FN:19,(anonymous_5)
FN:20,(anonymous_6)
FN:24,(anonymous_7)
FN:28,(anonymous_8)
FNF:8
FNH:8
FNDA:1,(anonymous_1)
FNDA:1,(anonymous_2)
FNDA:3,(anonymous_3)
FNDA:3,(anonymous_4)
FNDA:1,(anonymous_5)
FNDA:1,(anonymous_6)
FNDA:1,(anonymous_7)
FNDA:1,(anonymous_8)
DA:5,1
DA:8,1
DA:10,1
DA:12,1
DA:13,3
DA:14,3
DA:15,3
DA:19,1
DA:20,1
DA:21,1
DA:24,1
DA:25,1
DA:28,1
DA:29,1
LF:14
LH:14
BRF:0
BRH:0
end_of_record
TN:
SF:/Users/adamellis/IdeaProjects/Feedback/app/filters/percent.filters.js
FN:4,(anonymous_1)
FN:11,percent
FN:16,percentFilter
FNF:3
FNH:3
FNDA:1,(anonymous_1)
FNDA:2,percent
FNDA:2,percentFilter
DA:4,1
DA:7,1
DA:11,1
DA:12,2
DA:16,1
DA:17,2
DA:18,1
DA:20,1
LF:8
LH:8
BRDA:17,1,0,1
BRDA:17,1,1,1
BRF:2
BRH:2
end_of_record
TN:
SF:/Users/adamellis/IdeaProjects/Feedback/app/filters/percent.filters.spec.js
FN:4,(anonymous_1)
FN:7,(anonymous_2)
FN:10,(anonymous_3)
FN:12,(anonymous_4)
FN:17,(anonymous_5)
FN:21,(anonymous_6)
FNF:6
FNH:6
FNDA:1,(anonymous_1)
FNDA:1,(anonymous_2)
FNDA:2,(anonymous_3)
FNDA:2,(anonymous_4)
FNDA:1,(anonymous_5)
FNDA:1,(anonymous_6)
DA:4,1
DA:7,1
DA:8,1
DA:10,1
DA:11,2
DA:12,2
DA:13,2
DA:17,1
DA:18,1
DA:21,1
DA:22,1
LF:11
LH:11
BRF:0
BRH:0
end_of_record
TN:
SF:/Users/adamellis/IdeaProjects/Feedback/app/layout/frame.controller.js
FN:4,(anonymous_1)
FN:6,(anonymous_2)
FN:8,(anonymous_3)
FNF:3
FNH:1
FNDA:1,(anonymous_1)
FNDA:0,(anonymous_2)
FNDA:0,(anonymous_3)
DA:4,1
DA:5,1
DA:8,0
DA:9,0
LF:4
LH:2
BRF:0
BRH:0
end_of_record
TN:
SF:/Users/adamellis/IdeaProjects/Feedback/app/services/snippetSubmission.factory.js
FN:4,(anonymous_1)
FN:14,gitSubmission
FN:21,getSnippets
FN:23,(anonymous_4)
FN:27,(anonymous_5)
FN:29,(anonymous_6)
FN:42,getFileNames
FN:44,(anonymous_8)
FN:57,getContents
FN:61,(anonymous_10)
FN:63,(anonymous_11)
FN:68,(anonymous_12)
FN:75,resolvePaths
FN:77,(anonymous_14)
FNF:14
FNH:1
FNDA:1,(anonymous_1)
FNDA:0,gitSubmission
FNDA:0,getSnippets
FNDA:0,(anonymous_4)
FNDA:0,(anonymous_5)
FNDA:0,(anonymous_6)
FNDA:0,getFileNames
FNDA:0,(anonymous_8)
FNDA:0,getContents
FNDA:0,(anonymous_10)
FNDA:0,(anonymous_11)
FNDA:0,(anonymous_12)
FNDA:0,resolvePaths
FNDA:0,(anonymous_14)
DA:4,1
DA:7,1
DA:11,1
DA:14,1
DA:15,0
DA:21,1
DA:22,0
DA:24,0
DA:25,0
DA:26,0
DA:28,0
DA:30,0
DA:42,1
DA:43,0
DA:45,0
DA:57,1
DA:58,0
DA:59,0
DA:60,0
DA:61,0
DA:62,0
DA:64,0
DA:67,0
DA:69,0
DA:75,1
DA:76,0
DA:77,0
DA:78,0
DA:79,0
DA:82,0
LF:30
LH:8
BRDA:78,1,0,0
BRDA:78,1,1,0
BRF:2
BRH:0
end_of_record
TN:
SF:/Users/adamellis/IdeaProjects/Feedback/app/services/network/allocationNetwork.factory.js
FN:6,(anonymous_1)
FN:15,allocationService
FN:26,getReceivers
FN:31,getProviders
FN:35,getOneAllocation
FN:40,updateAllocation
FNF:6
FNH:6
FNDA:1,(anonymous_1)
FNDA:4,allocationService
FNDA:1,getReceivers
FNDA:1,getProviders
FNDA:1,getOneAllocation
FNDA:1,updateAllocation
DA:6,1
DA:9,1
DA:13,1
DA:15,1
DA:17,4
DA:26,1
DA:27,1
DA:31,1
DA:32,1
DA:35,1
DA:36,1
DA:40,1
DA:41,1
LF:13
LH:13
BRF:0
BRH:0
end_of_record
TN:
SF:/Users/adamellis/IdeaProjects/Feedback/app/services/network/allocationNetwork.factory.spec.js
FN:4,(anonymous_1)
FN:5,(anonymous_2)
FN:13,(anonymous_3)
FN:18,(anonymous_4)
FN:20,(anonymous_5)
FN:27,(anonymous_6)
FN:32,(anonymous_7)
FN:38,testReceivers
FN:49,(anonymous_9)
FN:55,testProviders
FN:66,(anonymous_11)
FN:75,testGetOneAllocation
FN:86,(anonymous_13)
FN:100,testUpdateAllocation
FNF:14
FNH:13
FNDA:1,(anonymous_1)
FNDA:1,(anonymous_2)
FNDA:0,(anonymous_3)
FNDA:4,(anonymous_4)
FNDA:4,(anonymous_5)
FNDA:4,(anonymous_6)
FNDA:1,(anonymous_7)
FNDA:1,testReceivers
FNDA:1,(anonymous_9)
FNDA:1,testProviders
FNDA:1,(anonymous_11)
FNDA:1,testGetOneAllocation
FNDA:1,(anonymous_13)
FNDA:1,testUpdateAllocation
DA:4,1
DA:5,1
DA:6,1
DA:7,1
DA:9,1
DA:13,1
DA:14,0
DA:18,1
DA:19,4
DA:20,4
DA:21,4
DA:22,4
DA:27,1
DA:28,4
DA:29,4
DA:32,1
DA:33,1
DA:35,1
DA:38,1
DA:39,1
DA:42,1
DA:46,1
DA:49,1
DA:50,1
DA:52,1
DA:55,1
DA:56,1
DA:59,1
DA:63,1
DA:66,1
DA:67,1
DA:72,1
DA:75,1
DA:76,1
DA:79,1
DA:83,1
DA:86,1
DA:88,1
DA:93,1
DA:97,1
DA:100,1
DA:101,1
DA:104,1
DA:108,1
LF:44
LH:43
BRF:0
BRH:0
end_of_record
TN:
SF:/Users/adamellis/IdeaProjects/Feedback/app/services/network/assignmentNetwork.factory.js
FN:4,(anonymous_1)
FN:11,assignmentService
FN:20,getAllAssignments
FN:24,getOneAssignment
FN:28,updateAssignment
FNF:5
FNH:1
FNDA:1,(anonymous_1)
FNDA:0,assignmentService
FNDA:0,getAllAssignments
FNDA:0,getOneAssignment
FNDA:0,updateAssignment
DA:4,1
DA:5,1
DA:9,1
DA:11,1
DA:13,0
DA:20,1
DA:21,0
DA:24,1
DA:25,0
DA:28,1
DA:29,0
LF:11
LH:7
BRF:0
BRH:0
end_of_record
TN:
SF:/Users/adamellis/IdeaProjects/Feedback/app/services/network/gitNetwork.factory.js
FN:4,(anonymous_1)
FN:11,gitService
FN:21,getTree
FN:25,getContent
FN:29,gitQuery
FNF:5
FNH:1
FNDA:1,(anonymous_1)
FNDA:0,gitService
FNDA:0,getTree
FNDA:0,getContent
FNDA:0,gitQuery
DA:4,1
DA:5,1
DA:9,1
DA:11,1
DA:14,0
DA:21,1
DA:22,0
DA:25,1
DA:26,0
DA:29,1
DA:30,0
DA:31,0
LF:12
LH:7
BRF:0
BRH:0
end_of_record
TN:
SF:/Users/adamellis/IdeaProjects/Feedback/app/services/network/submissionNetwork.factory.js
FN:4,(anonymous_1)
FN:11,submissionService
FN:21,getAllSubmissions
FN:26,getAssignmentSubmissions
FN:30,getOneSubmission
FN:34,getGitData
FNF:6
FNH:1
FNDA:1,(anonymous_1)
FNDA:0,submissionService
FNDA:0,getAllSubmissions
FNDA:0,getAssignmentSubmissions
FNDA:0,getOneSubmission
FNDA:0,getGitData
DA:4,1
DA:5,1
DA:9,1
DA:11,1
DA:13,0
DA:21,1
DA:22,0
DA:26,1
DA:27,0
DA:30,1
DA:31,0
DA:34,1
DA:35,0
LF:13
LH:8
BRF:0
BRH:0
end_of_record
TN:
SF:/Users/adamellis/IdeaProjects/Feedback/app/services/notification.service.js
FN:4,(anonymous_1)
FN:6,(anonymous_2)
FN:15,(anonymous_3)
FN:19,(anonymous_4)
FN:26,(anonymous_5)
FNF:5
FNH:1
FNDA:1,(anonymous_1)
FNDA:0,(anonymous_2)
FNDA:0,(anonymous_3)
FNDA:0,(anonymous_4)
FNDA:0,(anonymous_5)
DA:4,1
DA:5,1
DA:9,0
DA:15,0
DA:16,0
DA:19,0
DA:20,0
DA:21,0
DA:22,0
DA:23,0
DA:26,0
DA:27,0
DA:30,0
DA:31,0
LF:14
LH:2
BRF:0
BRH:0
end_of_record
TN:
SF:/Users/adamellis/IdeaProjects/Feedback/app/services/feedbackForm.js
FN:5,(anonymous_1)
FN:11,providerForm
FN:16,save
FN:20,getObj
FN:22,(anonymous_5)
FN:32,setValue
FN:55,disable
FNF:7
FNH:1
FNDA:1,(anonymous_1)
FNDA:0,providerForm
FNDA:0,save
FNDA:0,getObj
FNDA:0,(anonymous_5)
FNDA:0,setValue
FNDA:0,disable
DA:5,1
DA:6,1
DA:11,1
DA:12,0
DA:16,1
DA:17,0
DA:18,0
DA:20,1
DA:21,0
DA:22,0
DA:23,0
DA:24,0
DA:25,0
DA:26,0
DA:27,0
DA:29,0
DA:32,1
DA:33,0
DA:34,0
DA:35,0
DA:37,0
DA:38,0
DA:39,0
DA:40,0
DA:42,0
DA:46,0
DA:49,0
DA:50,0
DA:52,0
DA:55,1
LF:30
LH:7
BRDA:24,1,0,0
BRDA:24,1,1,0
BRDA:26,2,0,0
BRDA:26,2,1,0
BRDA:34,3,0,0
BRDA:34,3,1,0
BRDA:37,4,0,0
BRDA:37,4,1,0
BRDA:39,5,0,0
BRDA:39,5,1,0
BRF:10
BRH:0
end_of_record
TN:
SF:/Users/adamellis/IdeaProjects/Feedback/app/values/providerCounts.values.js
FN:4,(anonymous_1)
FNF:1
FNH:1
FNDA:1,(anonymous_1)
DA:4,1
DA:5,1
LF:2
LH:2
BRF:0
BRH:0
end_of_record
TN:
SF:/Users/adamellis/IdeaProjects/Feedback/app/views/academic/academic.controller.js
FN:4,(anonymous_1)
FN:11,AcademicController
FN:16,(anonymous_3)
FNF:3
FNH:1
FNDA:1,(anonymous_1)
FNDA:0,AcademicController
FNDA:0,(anonymous_3)
DA:4,1
DA:5,1
DA:9,1
DA:11,1
DA:12,0
DA:13,0
DA:15,0
DA:17,0
LF:8
LH:4
BRF:0
BRH:0
end_of_record
TN:
SF:/Users/adamellis/IdeaProjects/Feedback/app/views/academic/academic.controller.spec.js
FN:5,(anonymous_1)
FN:11,(anonymous_2)
FN:13,(anonymous_3)
FNF:3
FNH:1
FNDA:1,(anonymous_1)
FNDA:0,(anonymous_2)
FNDA:0,(anonymous_3)
DA:5,1
DA:7,1
DA:8,1
DA:11,1
DA:12,0
DA:13,0
DA:14,0
DA:15,0
LF:8
LH:4
BRF:0
BRH:0
end_of_record
TN:
SF:/Users/adamellis/IdeaProjects/Feedback/app/views/academic/academic.route.js
FN:4,(anonymous_1)
FN:7,(anonymous_2)
FN:20,allSubmissions
FN:22,(anonymous_4)
FNF:4
FNH:2
FNDA:1,(anonymous_1)
FNDA:9,(anonymous_2)
FNDA:0,allSubmissions
FNDA:0,(anonymous_4)
DA:4,1
DA:5,1
DA:8,9
DA:18,9
DA:20,1
DA:21,0
DA:23,0
LF:7
LH:5
BRF:0
BRH:0
end_of_record
TN:
SF:/Users/adamellis/IdeaProjects/Feedback/app/views/academic/academic.route.spec.js
FNF:0
FNH:0
LF:0
LH:0
BRF:0
BRH:0
end_of_record
TN:
SF:/Users/adamellis/IdeaProjects/Feedback/app/views/allocation/allocation.controller.js
FN:4,(anonymous_1)
FN:10,AllocationController
FNF:2
FNH:1
FNDA:1,(anonymous_1)
FNDA:0,AllocationController
DA:4,1
DA:5,1
DA:9,1
DA:10,1
DA:12,0
DA:14,0
DA:15,0
DA:17,0
LF:8
LH:4
BRF:0
BRH:0
end_of_record
TN:
SF:/Users/adamellis/IdeaProjects/Feedback/app/views/allocation/allocation.controller.spec.js
FNF:0
FNH:0
LF:0
LH:0
BRF:0
BRH:0
end_of_record
TN:
SF:/Users/adamellis/IdeaProjects/Feedback/app/views/allocation/allocation.route.js
FN:4,(anonymous_1)
FN:7,(anonymous_2)
FN:28,receivers
FN:31,(anonymous_4)
FN:37,providers
FN:40,(anonymous_6)
FN:46,submission
FN:49,(anonymous_8)
FNF:8
FNH:2
FNDA:1,(anonymous_1)
FNDA:9,(anonymous_2)
FNDA:0,receivers
FNDA:0,(anonymous_4)
FNDA:0,providers
FNDA:0,(anonymous_6)
FNDA:0,submission
FNDA:0,(anonymous_8)
DA:4,1
DA:5,1
DA:8,9
DA:21,9
DA:22,9
DA:23,9
DA:28,1
DA:29,0
DA:30,0
DA:32,0
DA:37,1
DA:38,0
DA:39,0
DA:41,0
DA:46,1
DA:47,0
DA:48,0
DA:50,0
LF:18
LH:9
BRDA:29,1,0,0
BRDA:29,1,1,0
BRDA:38,2,0,0
BRDA:38,2,1,0
BRDA:47,3,0,0
BRDA:47,3,1,0
BRF:6
BRH:0
end_of_record
TN:
SF:/Users/adamellis/IdeaProjects/Feedback/app/views/allocation/allocation.route.spec.js
FNF:0
FNH:0
LF:0
LH:0
BRF:0
BRH:0
end_of_record
TN:
SF:/Users/adamellis/IdeaProjects/Feedback/app/views/configuration/configuration.controller.js
FN:4,(anonymous_1)
FN:10,ConfigurationController
FN:21,updateAssignment
FN:24,(anonymous_4)
FN:28,(anonymous_5)
FN:37,activate
FNF:6
FNH:1
FNDA:1,(anonymous_1)
FNDA:0,ConfigurationController
FNDA:0,updateAssignment
FNDA:0,(anonymous_4)
FNDA:0,(anonymous_5)
FNDA:0,activate
DA:4,1
DA:5,1
DA:8,1
DA:10,1
DA:11,0
DA:13,0
DA:14,0
DA:15,0
DA:16,0
DA:18,0
DA:21,1
DA:22,0
DA:23,0
DA:25,0
DA:26,0
DA:29,0
DA:30,0
DA:37,1
DA:38,0
DA:41,0
LF:20
LH:6
BRF:0
BRH:0
end_of_record
TN:
SF:/Users/adamellis/IdeaProjects/Feedback/app/views/configuration/configuration.controller.spec.js
FNF:0
FNH:0
LF:0
LH:0
BRF:0
BRH:0
end_of_record
TN:
SF:/Users/adamellis/IdeaProjects/Feedback/app/views/configuration/configuration.route.js
FN:4,(anonymous_1)
FN:7,(anonymous_2)
FN:21,assignment
FN:24,(anonymous_4)
FNF:4
FNH:2
FNDA:1,(anonymous_1)
FNDA:9,(anonymous_2)
FNDA:0,assignment
FNDA:0,(anonymous_4)
DA:4,1
DA:5,1
DA:8,9
DA:19,9
DA:21,1
DA:22,0
DA:23,0
DA:25,0
DA:26,0
DA:28,0
DA:35,0
LF:11
LH:5
BRDA:22,1,0,0
BRDA:22,1,1,0
BRDA:25,2,0,0
BRDA:25,2,1,0
BRF:4
BRH:0
end_of_record
TN:
SF:/Users/adamellis/IdeaProjects/Feedback/app/views/configuration/configuration.route.spec.js
FNF:0
FNH:0
LF:0
LH:0
BRF:0
BRH:0
end_of_record
TN:
SF:/Users/adamellis/IdeaProjects/Feedback/app/views/provider/provider.controller.js
FN:7,(anonymous_1)
FN:13,ProviderController
FN:25,(anonymous_3)
FN:30,(anonymous_4)
FN:39,(anonymous_5)
FN:43,(anonymous_6)
FN:50,activate
FNF:7
FNH:1
FNDA:1,(anonymous_1)
FNDA:0,ProviderController
FNDA:0,(anonymous_3)
FNDA:0,(anonymous_4)
FNDA:0,(anonymous_5)
FNDA:0,(anonymous_6)
FNDA:0,activate
DA:7,1
DA:8,1
DA:11,1
DA:13,1
DA:18,0
DA:19,0
DA:25,0
DA:26,0
DA:27,0
DA:30,0
DA:32,0
DA:38,0
DA:40,0
DA:41,0
DA:44,0
DA:45,0
DA:50,1
DA:51,0
DA:57,0
DA:59,0
DA:61,0
LF:21
LH:5
BRF:0
BRH:0
end_of_record
TN:
SF:/Users/adamellis/IdeaProjects/Feedback/app/views/provider/provider.controller.spec.js
FNF:0
FNH:0
LF:0
LH:0
BRF:0
BRH:0
end_of_record
TN:
SF:/Users/adamellis/IdeaProjects/Feedback/app/views/provider/provider.route.js
FN:4,(anonymous_1)
FN:7,(anonymous_2)
FN:20,(anonymous_3)
FN:22,(anonymous_4)
FN:26,(anonymous_5)
FNF:5
FNH:2
FNDA:1,(anonymous_1)
FNDA:9,(anonymous_2)
FNDA:0,(anonymous_3)
FNDA:0,(anonymous_4)
FNDA:0,(anonymous_5)
DA:4,1
DA:5,1
DA:8,9
DA:21,0
DA:23,0
DA:27,0
LF:6
LH:3
BRF:0
BRH:0
end_of_record
TN:
SF:/Users/adamellis/IdeaProjects/Feedback/app/views/provider/provider.route.spec.js
FNF:0
FNH:0
LF:0
LH:0
BRF:0
BRH:0
end_of_record
TN:
SF:/Users/adamellis/IdeaProjects/Feedback/app/views/receiver/receiver.controller.js
FN:4,(anonymous_1)
FN:14,ReceiverController
FN:20,activate
FNF:3
FNH:1
FNDA:1,(anonymous_1)
FNDA:0,ReceiverController
FNDA:0,activate
DA:4,1
DA:7,1
DA:11,1
DA:14,1
DA:15,0
DA:17,0
DA:20,1
DA:21,0
DA:27,0
DA:29,0
LF:10
LH:5
BRF:0
BRH:0
end_of_record
TN:
SF:/Users/adamellis/IdeaProjects/Feedback/app/views/receiver/receiver.route.js
FN:4,(anonymous_1)
FN:7,(anonymous_2)
FN:19,(anonymous_3)
FN:21,(anonymous_4)
FNF:4
FNH:2
FNDA:1,(anonymous_1)
FNDA:9,(anonymous_2)
FNDA:0,(anonymous_3)
FNDA:0,(anonymous_4)
DA:4,1
DA:5,1
DA:8,9
DA:20,0
DA:22,0
LF:5
LH:3
BRF:0
BRH:0
end_of_record
