TN:
SF:/Users/adamellis/IdeaProjects/Feedback/app/app.module.js
FN:7,(anonymous_1)
FNF:1
FNH:1
FNDA:1,(anonymous_1)
DA:7,1
DA:8,1
LF:2
LH:2
BRF:0
BRH:0
end_of_record
TN:
SF:/Users/adamellis/IdeaProjects/Feedback/app/app.constants.js
FN:4,(anonymous_1)
FNF:1
FNH:1
FNDA:1,(anonymous_1)
DA:4,1
DA:5,1
LF:2
LH:2
BRF:0
BRH:0
end_of_record
TN:
SF:/Users/adamellis/IdeaProjects/Feedback/app/app.route.js
FN:6,(anonymous_1)
FN:9,(anonymous_2)
FNF:2
FNH:2
FNDA:1,(anonymous_1)
FNDA:9,(anonymous_2)
DA:6,1
DA:7,1
DA:10,9
DA:17,9
LF:4
LH:4
BRF:0
BRH:0
end_of_record
TN:
SF:/Users/adamellis/IdeaProjects/Feedback/app/components/accordion.directive.js
FN:4,(anonymous_1)
FN:14,accordion
FN:28,link
FN:43,(anonymous_4)
FN:46,(anonymous_5)
FN:62,(anonymous_6)
FN:65,(anonymous_7)
FN:87,accordionController
FNF:8
FNH:1
FNDA:1,(anonymous_1)
FNDA:0,accordion
FNDA:0,link
FNDA:0,(anonymous_4)
FNDA:0,(anonymous_5)
FNDA:0,(anonymous_6)
FNDA:0,(anonymous_7)
FNDA:0,accordionController
DA:4,1
DA:7,1
DA:11,1
DA:14,1
DA:15,0
DA:28,1
DA:29,0
DA:30,0
DA:31,0
DA:33,0
DA:40,0
DA:42,0
DA:44,0
DA:45,0
DA:46,0
DA:47,0
DA:48,0
DA:54,0
DA:55,0
DA:61,0
DA:63,0
DA:64,0
DA:65,0
DA:66,0
DA:67,0
DA:73,0
DA:74,0
DA:85,1
DA:87,1
DA:88,0
LF:30
LH:7
BRDA:44,1,0,0
BRDA:44,1,1,0
BRDA:63,2,0,0
BRDA:63,2,1,0
BRF:4
BRH:0
end_of_record
TN:
SF:/Users/adamellis/IdeaProjects/Feedback/app/components/build-form.directive.js
FN:1,(anonymous_1)
FN:7,buildForm
FN:17,link
FN:28,watchAndDestroy
FN:29,(anonymous_5)
FN:32,(anonymous_6)
FNF:6
FNH:1
FNDA:1,(anonymous_1)
FNDA:0,buildForm
FNDA:0,link
FNDA:0,watchAndDestroy
FNDA:0,(anonymous_5)
FNDA:0,(anonymous_6)
DA:1,1
DA:2,1
DA:5,1
DA:7,1
DA:9,0
DA:17,1
DA:18,0
DA:25,0
DA:28,1
DA:29,0
DA:30,0
DA:32,0
DA:33,0
LF:13
LH:6
BRF:0
BRH:0
end_of_record
TN:
SF:/Users/adamellis/IdeaProjects/Feedback/app/components/notification.directive.js
FN:4,(anonymous_1)
FN:7,(anonymous_2)
FN:8,link
FNF:3
FNH:1
FNDA:1,(anonymous_1)
FNDA:0,(anonymous_2)
FNDA:0,link
DA:4,1
DA:5,1
DA:8,1
DA:9,0
DA:12,0
LF:5
LH:3
BRF:0
BRH:0
end_of_record
TN:
SF:/Users/adamellis/IdeaProjects/Feedback/app/components/render-form.directive.js
FN:4,(anonymous_1)
FN:6,(anonymous_2)
FN:17,link
FN:26,watchAndDestroy
FN:27,(anonymous_5)
FN:31,(anonymous_6)
FNF:6
FNH:1
FNDA:1,(anonymous_1)
FNDA:0,(anonymous_2)
FNDA:0,link
FNDA:0,watchAndDestroy
FNDA:0,(anonymous_5)
FNDA:0,(anonymous_6)
DA:4,1
DA:5,1
DA:8,0
DA:17,1
DA:18,0
DA:22,0
DA:23,0
DA:26,1
DA:27,0
DA:28,0
DA:31,0
DA:32,0
LF:12
LH:4
BRDA:19,1,0,0
BRDA:19,1,1,0
BRF:2
BRH:0
end_of_record
TN:
SF:/Users/adamellis/IdeaProjects/Feedback/app/filters/firstName.filters.js
FN:4,(anonymous_1)
FN:11,firstName
FN:16,nameFilter
FNF:3
FNH:3
FNDA:1,(anonymous_1)
FNDA:3,firstName
FNDA:3,nameFilter
DA:4,1
DA:7,1
DA:11,1
DA:12,3
DA:16,1
DA:17,3
DA:18,3
LF:7
LH:7
BRF:0
BRH:0
end_of_record
TN:
SF:/Users/adamellis/IdeaProjects/Feedback/app/filters/firstName.filters.spec.js
FN:5,(anonymous_1)
FN:8,(anonymous_2)
FN:12,(anonymous_3)
FN:14,(anonymous_4)
FN:19,(anonymous_5)
FN:20,(anonymous_6)
FN:24,(anonymous_7)
FN:28,(anonymous_8)
FNF:8
FNH:8
FNDA:1,(anonymous_1)
FNDA:1,(anonymous_2)
FNDA:3,(anonymous_3)
FNDA:3,(anonymous_4)
FNDA:1,(anonymous_5)
FNDA:1,(anonymous_6)
FNDA:1,(anonymous_7)
FNDA:1,(anonymous_8)
DA:5,1
DA:8,1
DA:10,1
DA:12,1
DA:13,3
DA:14,3
DA:15,3
DA:19,1
DA:20,1
DA:21,1
DA:24,1
DA:25,1
DA:28,1
DA:29,1
LF:14
LH:14
BRF:0
BRH:0
end_of_record
TN:
SF:/Users/adamellis/IdeaProjects/Feedback/app/filters/percent.filters.js
FN:4,(anonymous_1)
FN:11,percent
FN:16,percentFilter
FNF:3
FNH:3
FNDA:1,(anonymous_1)
FNDA:2,percent
FNDA:2,percentFilter
DA:4,1
DA:7,1
DA:11,1
DA:12,2
DA:16,1
DA:17,2
DA:18,1
DA:20,1
LF:8
LH:8
BRDA:17,1,0,1
BRDA:17,1,1,1
BRF:2
BRH:2
end_of_record
TN:
SF:/Users/adamellis/IdeaProjects/Feedback/app/filters/percent.filters.spec.js
FN:4,(anonymous_1)
FN:7,(anonymous_2)
FN:10,(anonymous_3)
FN:12,(anonymous_4)
FN:17,(anonymous_5)
FN:21,(anonymous_6)
FNF:6
FNH:6
FNDA:1,(anonymous_1)
FNDA:1,(anonymous_2)
FNDA:2,(anonymous_3)
FNDA:2,(anonymous_4)
FNDA:1,(anonymous_5)
FNDA:1,(anonymous_6)
DA:4,1
DA:7,1
DA:8,1
DA:10,1
DA:11,2
DA:12,2
DA:13,2
DA:17,1
DA:18,1
DA:21,1
DA:22,1
LF:11
LH:11
BRF:0
BRH:0
end_of_record
TN:
SF:/Users/adamellis/IdeaProjects/Feedback/app/layout/frame.controller.js
FN:4,(anonymous_1)
FN:6,(anonymous_2)
FN:8,(anonymous_3)
FNF:3
FNH:1
FNDA:1,(anonymous_1)
FNDA:0,(anonymous_2)
FNDA:0,(anonymous_3)
DA:4,1
DA:5,1
DA:8,0
DA:9,0
LF:4
LH:2
BRF:0
BRH:0
end_of_record
TN:
SF:/Users/adamellis/IdeaProjects/Feedback/app/layout/frame.controller.spec.js
FNF:0
FNH:0
LF:0
LH:0
BRF:0
BRH:0
end_of_record
TN:
SF:/Users/adamellis/IdeaProjects/Feedback/app/services/allocationDisplay.factory.js
FN:4,(anonymous_1)
FN:16,allocationDisplay
FN:24,getDisplay
FN:28,(anonymous_4)
FN:31,(anonymous_5)
FN:36,(anonymous_6)
FN:44,hasProvided
FN:54,hasReceived
FNF:8
FNH:1
FNDA:1,(anonymous_1)
FNDA:0,allocationDisplay
FNDA:0,getDisplay
FNDA:0,(anonymous_4)
FNDA:0,(anonymous_5)
FNDA:0,(anonymous_6)
FNDA:0,hasProvided
FNDA:0,hasReceived
DA:4,1
DA:7,1
DA:14,1
DA:16,1
DA:17,0
DA:24,1
DA:25,0
DA:26,0
DA:27,0
DA:29,0
DA:30,0
DA:31,0
DA:32,0
DA:36,0
DA:37,0
DA:44,1
DA:45,0
DA:46,0
DA:47,0
DA:49,0
DA:54,1
DA:55,0
DA:56,0
DA:57,0
LF:24
LH:7
BRDA:25,1,0,0
BRDA:25,1,1,0
BRDA:30,2,0,0
BRDA:30,2,1,0
BRDA:32,3,0,0
BRDA:32,3,1,0
BRDA:47,4,0,0
BRDA:47,4,1,0
BRDA:47,5,0,0
BRDA:47,5,1,0
BRDA:56,6,0,0
BRDA:56,6,1,0
BRDA:56,7,0,0
BRDA:56,7,1,0
BRF:14
BRH:0
end_of_record
TN:
SF:/Users/adamellis/IdeaProjects/Feedback/app/services/feedbackForm.factory.js
FN:5,(anonymous_1)
FN:11,feedbackForm
FN:17,save
FN:21,getObj
FN:23,(anonymous_5)
FN:33,setValue
FNF:6
FNH:1
FNDA:1,(anonymous_1)
FNDA:0,feedbackForm
FNDA:0,save
FNDA:0,getObj
FNDA:0,(anonymous_5)
FNDA:0,setValue
DA:5,1
DA:6,1
DA:11,1
DA:12,0
DA:17,1
DA:18,0
DA:19,0
DA:21,1
DA:22,0
DA:23,0
DA:24,0
DA:25,0
DA:26,0
DA:27,0
DA:28,0
DA:30,0
DA:33,1
DA:34,0
DA:35,0
DA:36,0
DA:38,0
DA:39,0
DA:40,0
DA:41,0
DA:43,0
DA:47,0
DA:50,0
DA:51,0
DA:53,0
LF:29
LH:6
BRDA:25,1,0,0
BRDA:25,1,1,0
BRDA:27,2,0,0
BRDA:27,2,1,0
BRDA:35,3,0,0
BRDA:35,3,1,0
BRDA:38,4,0,0
BRDA:38,4,1,0
BRDA:40,5,0,0
BRDA:40,5,1,0
BRF:10
BRH:0
end_of_record
TN:
SF:/Users/adamellis/IdeaProjects/Feedback/app/services/network/allocationNetwork.factory.js
FN:5,(anonymous_1)
FN:14,allocationNetwork
FN:27,getReceivers
FN:35,(anonymous_4)
FN:43,getProviders
FN:54,getOneAllocation
FN:65,updateAllocation
FNF:7
FNH:6
FNDA:1,(anonymous_1)
FNDA:4,allocationNetwork
FNDA:1,getReceivers
FNDA:0,(anonymous_4)
FNDA:1,getProviders
FNDA:1,getOneAllocation
FNDA:1,updateAllocation
DA:5,1
DA:8,1
DA:12,1
DA:14,1
DA:16,4
DA:27,1
DA:28,1
DA:29,0
DA:36,0
DA:37,0
DA:43,1
DA:44,1
DA:45,0
DA:54,1
DA:55,1
DA:56,1
DA:65,1
DA:66,1
DA:67,1
LF:19
LH:15
BRF:0
BRH:0
end_of_record
TN:
SF:/Users/adamellis/IdeaProjects/Feedback/app/services/network/allocationNetwork.factory.spec.js
FN:4,(anonymous_1)
FN:7,(anonymous_2)
FN:15,(anonymous_3)
FN:20,(anonymous_4)
FN:22,(anonymous_5)
FN:29,(anonymous_6)
FN:34,(anonymous_7)
FN:40,testReceivers
FN:51,(anonymous_9)
FN:57,testProviders
FN:68,(anonymous_11)
FN:77,testGetOneAllocation
FN:88,(anonymous_13)
FN:102,testUpdateAllocation
FNF:14
FNH:10
FNDA:1,(anonymous_1)
FNDA:1,(anonymous_2)
FNDA:2,(anonymous_3)
FNDA:4,(anonymous_4)
FNDA:4,(anonymous_5)
FNDA:4,(anonymous_6)
FNDA:1,(anonymous_7)
FNDA:0,testReceivers
FNDA:1,(anonymous_9)
FNDA:0,testProviders
FNDA:1,(anonymous_11)
FNDA:0,testGetOneAllocation
FNDA:1,(anonymous_13)
FNDA:0,testUpdateAllocation
DA:4,1
DA:7,1
DA:8,1
DA:9,1
DA:11,1
DA:15,1
DA:16,2
DA:20,1
DA:21,4
DA:22,4
DA:23,4
DA:24,4
DA:29,1
DA:30,4
DA:31,2
DA:34,1
DA:35,1
DA:37,1
DA:40,1
DA:41,0
DA:44,0
DA:48,0
DA:51,1
DA:52,1
DA:54,1
DA:57,1
DA:58,0
DA:61,0
DA:65,0
DA:68,1
DA:69,1
DA:74,1
DA:77,1
DA:78,0
DA:81,1
DA:85,1
DA:88,1
DA:90,1
DA:95,1
DA:99,1
DA:102,1
DA:103,0
DA:106,1
DA:110,1
LF:44
LH:36
BRF:0
BRH:0
end_of_record
TN:
SF:/Users/adamellis/IdeaProjects/Feedback/app/services/network/assignmentNetwork.factory.js
FN:4,(anonymous_1)
FN:13,assignmentNetwork
FN:22,getAllAssignments
FN:26,getOneAssignment
FN:30,updateAssignment
FNF:5
FNH:1
FNDA:1,(anonymous_1)
FNDA:0,assignmentNetwork
FNDA:0,getAllAssignments
FNDA:0,getOneAssignment
FNDA:0,updateAssignment
DA:4,1
DA:7,1
DA:11,1
DA:13,1
DA:15,0
DA:22,1
DA:23,0
DA:26,1
DA:27,0
DA:30,1
DA:31,0
LF:11
LH:7
BRF:0
BRH:0
end_of_record
TN:
SF:/Users/adamellis/IdeaProjects/Feedback/app/services/network/gitNetwork.factory.js
FN:4,(anonymous_1)
FN:13,gitNetwork
FN:18,getGitSubmission
FNF:3
FNH:1
FNDA:1,(anonymous_1)
FNDA:0,gitNetwork
FNDA:0,getGitSubmission
DA:4,1
DA:7,1
DA:11,1
DA:13,1
DA:14,0
DA:18,1
DA:20,0
DA:21,0
LF:8
LH:5
BRF:0
BRH:0
end_of_record
TN:
SF:/Users/adamellis/IdeaProjects/Feedback/app/services/network/submissionNetwork.factory.js
FN:4,(anonymous_1)
FN:11,submissionNetwork
FN:20,getAssignmentSubmissions
FN:29,getOneSubmission
FN:38,getGitData
FNF:5
FNH:1
FNDA:1,(anonymous_1)
FNDA:0,submissionNetwork
FNDA:0,getAssignmentSubmissions
FNDA:0,getOneSubmission
FNDA:0,getGitData
DA:4,1
DA:5,1
DA:9,1
DA:11,1
DA:13,0
DA:20,1
DA:21,0
DA:22,0
DA:29,1
DA:30,0
DA:31,0
DA:38,1
DA:39,0
LF:13
LH:7
BRF:0
BRH:0
end_of_record
TN:
SF:/Users/adamellis/IdeaProjects/Feedback/app/services/notification.service.js
FN:4,(anonymous_1)
FN:6,(anonymous_2)
FN:15,(anonymous_3)
FN:19,(anonymous_4)
FN:26,(anonymous_5)
FNF:5
FNH:1
FNDA:1,(anonymous_1)
FNDA:0,(anonymous_2)
FNDA:0,(anonymous_3)
FNDA:0,(anonymous_4)
FNDA:0,(anonymous_5)
DA:4,1
DA:5,1
DA:9,0
DA:15,0
DA:16,0
DA:19,0
DA:20,0
DA:21,0
DA:22,0
DA:23,0
DA:26,0
DA:27,0
DA:30,0
DA:31,0
LF:14
LH:2
BRF:0
BRH:0
end_of_record
TN:
SF:/Users/adamellis/IdeaProjects/Feedback/app/services/submission/archiveSubmission.factory.js
FN:4,(anonymous_1)
FN:14,archiveSubmission
FN:23,checkForZip
FN:25,(anonymous_4)
FN:33,isZip
FNF:5
FNH:1
FNDA:1,(anonymous_1)
FNDA:0,archiveSubmission
FNDA:0,checkForZip
FNDA:0,(anonymous_4)
FNDA:0,isZip
DA:4,1
DA:7,1
DA:11,1
DA:14,1
DA:16,0
DA:18,0
DA:23,1
DA:24,0
DA:25,0
DA:26,0
DA:27,0
DA:33,1
DA:34,0
LF:13
LH:6
BRDA:26,1,0,0
BRDA:26,1,1,0
BRF:2
BRH:0
end_of_record
TN:
SF:/Users/adamellis/IdeaProjects/Feedback/app/values/providerCounts.values.js
FN:4,(anonymous_1)
FNF:1
FNH:1
FNDA:1,(anonymous_1)
DA:4,1
DA:5,1
LF:2
LH:2
BRF:0
BRH:0
end_of_record
TN:
SF:/Users/adamellis/IdeaProjects/Feedback/app/views/academic/academic.controller.js
FN:4,(anonymous_1)
FN:11,AcademicController
FNF:2
FNH:1
FNDA:1,(anonymous_1)
FNDA:0,AcademicController
DA:4,1
DA:5,1
DA:9,1
DA:11,1
DA:12,0
DA:14,0
LF:6
LH:4
BRF:0
BRH:0
end_of_record
TN:
SF:/Users/adamellis/IdeaProjects/Feedback/app/views/academic/academic.controller.spec.js
FN:5,(anonymous_1)
FN:11,(anonymous_2)
FN:13,(anonymous_3)
FNF:3
FNH:1
FNDA:1,(anonymous_1)
FNDA:0,(anonymous_2)
FNDA:0,(anonymous_3)
DA:5,1
DA:7,1
DA:8,1
DA:11,1
DA:12,0
DA:13,0
DA:14,0
DA:15,0
LF:8
LH:4
BRF:0
BRH:0
end_of_record
TN:
SF:/Users/adamellis/IdeaProjects/Feedback/app/views/academic/academic.route.js
FN:4,(anonymous_1)
FN:7,(anonymous_2)
FN:20,assignmentSubmissions
FN:27,(anonymous_4)
FNF:4
FNH:2
FNDA:1,(anonymous_1)
FNDA:9,(anonymous_2)
FNDA:0,assignmentSubmissions
FNDA:0,(anonymous_4)
DA:4,1
DA:5,1
DA:8,9
DA:18,9
DA:20,1
DA:21,0
DA:22,0
DA:26,0
DA:28,0
DA:29,0
DA:31,0
LF:11
LH:5
BRDA:21,1,0,0
BRDA:21,1,1,0
BRDA:21,2,0,0
BRDA:21,2,1,0
BRDA:28,3,0,0
BRDA:28,3,1,0
BRF:6
BRH:0
end_of_record
TN:
SF:/Users/adamellis/IdeaProjects/Feedback/app/views/academic/academic.route.spec.js
FNF:0
FNH:0
LF:0
LH:0
BRF:0
BRH:0
end_of_record
TN:
SF:/Users/adamellis/IdeaProjects/Feedback/app/views/allocation/allocation.controller.js
FN:4,(anonymous_1)
FN:10,AllocationController
FN:34,(anonymous_3)
FN:45,(anonymous_4)
FNF:4
FNH:1
FNDA:1,(anonymous_1)
FNDA:0,AllocationController
FNDA:0,(anonymous_3)
FNDA:0,(anonymous_4)
DA:4,1
DA:5,1
DA:9,1
DA:10,1
DA:14,0
DA:21,0
DA:25,0
DA:26,0
DA:30,0
DA:31,0
DA:34,0
DA:35,0
DA:43,0
DA:45,0
DA:46,0
DA:52,0
DA:53,0
DA:56,0
DA:59,0
LF:19
LH:4
BRF:0
BRH:0
end_of_record
TN:
SF:/Users/adamellis/IdeaProjects/Feedback/app/views/allocation/allocation.controller.spec.js
FNF:0
FNH:0
LF:0
LH:0
BRF:0
BRH:0
end_of_record
TN:
SF:/Users/adamellis/IdeaProjects/Feedback/app/views/allocation/allocation.route.js
FN:4,(anonymous_1)
FN:7,(anonymous_2)
FN:28,receivers
FN:35,(anonymous_4)
FN:43,providers
FN:50,(anonymous_6)
FN:58,submission
FN:65,(anonymous_8)
FNF:8
FNH:2
FNDA:1,(anonymous_1)
FNDA:9,(anonymous_2)
FNDA:0,receivers
FNDA:0,(anonymous_4)
FNDA:0,providers
FNDA:0,(anonymous_6)
FNDA:0,submission
FNDA:0,(anonymous_8)
DA:4,1
DA:5,1
DA:8,9
DA:21,9
DA:22,9
DA:23,9
DA:28,1
DA:29,0
DA:30,0
DA:34,0
DA:36,0
DA:39,0
DA:43,1
DA:44,0
DA:45,0
DA:49,0
DA:51,0
DA:54,0
DA:58,1
DA:59,0
DA:63,0
DA:64,0
DA:66,0
LF:23
LH:9
BRDA:29,1,0,0
BRDA:29,1,1,0
BRDA:44,2,0,0
BRDA:44,2,1,0
BRDA:63,3,0,0
BRDA:63,3,1,0
BRF:6
BRH:0
end_of_record
TN:
SF:/Users/adamellis/IdeaProjects/Feedback/app/views/allocation/allocation.route.spec.js
FNF:0
FNH:0
LF:0
LH:0
BRF:0
BRH:0
end_of_record
TN:
SF:/Users/adamellis/IdeaProjects/Feedback/app/views/configuration/configuration.controller.js
FN:4,(anonymous_1)
FN:10,ConfigurationController
FN:18,updateAssignment
FN:23,(anonymous_4)
FN:28,(anonymous_5)
FN:35,activate
FNF:6
FNH:1
FNDA:1,(anonymous_1)
FNDA:0,ConfigurationController
FNDA:0,updateAssignment
FNDA:0,(anonymous_4)
FNDA:0,(anonymous_5)
FNDA:0,activate
DA:4,1
DA:5,1
DA:8,1
DA:10,1
DA:11,0
DA:13,0
DA:15,0
DA:18,1
DA:20,0
DA:22,0
DA:25,0
DA:26,0
DA:29,0
DA:30,0
DA:35,1
DA:36,0
DA:37,0
DA:38,0
DA:39,0
LF:19
LH:6
BRF:0
BRH:0
end_of_record
TN:
SF:/Users/adamellis/IdeaProjects/Feedback/app/views/configuration/configuration.controller.spec.js
FNF:0
FNH:0
LF:0
LH:0
BRF:0
BRH:0
end_of_record
TN:
SF:/Users/adamellis/IdeaProjects/Feedback/app/views/configuration/configuration.route.js
FN:4,(anonymous_1)
FN:7,(anonymous_2)
FN:22,assignment
FN:25,(anonymous_4)
FN:52,tooltip
FN:61,academicUrlParams
FNF:6
FNH:2
FNDA:1,(anonymous_1)
FNDA:9,(anonymous_2)
FNDA:0,assignment
FNDA:0,(anonymous_4)
FNDA:0,tooltip
FNDA:0,academicUrlParams
DA:4,1
DA:5,1
DA:8,9
DA:20,9
DA:22,1
DA:23,0
DA:24,0
DA:26,0
DA:27,0
DA:28,0
DA:29,0
DA:30,0
DA:31,0
DA:33,0
DA:42,0
DA:43,0
DA:48,0
DA:52,1
DA:53,0
DA:61,1
DA:62,0
LF:21
LH:7
BRDA:23,1,0,0
BRDA:23,1,1,0
BRDA:27,2,0,0
BRDA:27,2,1,0
BRF:4
BRH:0
end_of_record
TN:
SF:/Users/adamellis/IdeaProjects/Feedback/app/views/configuration/configuration.route.spec.js
FNF:0
FNH:0
LF:0
LH:0
BRF:0
BRH:0
end_of_record
TN:
SF:/Users/adamellis/IdeaProjects/Feedback/app/views/provider/provider.controller.js
FN:5,(anonymous_1)
FN:11,ProviderController
FN:17,(anonymous_3)
FN:22,(anonymous_4)
FN:33,(anonymous_5)
FN:37,(anonymous_6)
FN:44,(anonymous_7)
FN:47,activate
FNF:8
FNH:1
FNDA:1,(anonymous_1)
FNDA:0,ProviderController
FNDA:0,(anonymous_3)
FNDA:0,(anonymous_4)
FNDA:0,(anonymous_5)
FNDA:0,(anonymous_6)
FNDA:0,(anonymous_7)
FNDA:0,activate
DA:5,1
DA:6,1
DA:9,1
DA:11,1
DA:13,0
DA:14,0
DA:17,0
DA:18,0
DA:19,0
DA:22,0
DA:24,0
DA:32,0
DA:34,0
DA:35,0
DA:38,0
DA:39,0
DA:44,0
DA:45,0
DA:47,1
DA:48,0
DA:53,0
DA:57,0
DA:59,0
DA:60,0
DA:61,0
DA:64,0
DA:66,0
LF:27
LH:5
BRDA:60,1,0,0
BRDA:60,1,1,0
BRF:2
BRH:0
end_of_record
TN:
SF:/Users/adamellis/IdeaProjects/Feedback/app/views/provider/provider.controller.spec.js
FNF:0
FNH:0
LF:0
LH:0
BRF:0
BRH:0
end_of_record
TN:
SF:/Users/adamellis/IdeaProjects/Feedback/app/views/provider/provider.route.js
FN:4,(anonymous_1)
FN:7,(anonymous_2)
FN:31,submission
FN:45,(anonymous_4)
FN:51,provider
FN:66,(anonymous_6)
FN:71,trustHtml
FNF:7
FNH:2
FNDA:1,(anonymous_1)
FNDA:9,(anonymous_2)
FNDA:0,submission
FNDA:0,(anonymous_4)
FNDA:0,provider
FNDA:0,(anonymous_6)
FNDA:0,trustHtml
DA:4,1
DA:5,1
DA:8,9
DA:28,9
DA:29,9
DA:31,1
DA:32,0
DA:33,0
DA:34,0
DA:39,0
DA:44,0
DA:46,0
DA:51,1
DA:52,0
DA:53,0
DA:54,0
DA:59,0
DA:65,0
DA:67,0
DA:71,1
DA:72,0
DA:73,0
DA:75,0
LF:23
LH:8
BRDA:33,1,0,0
BRDA:33,1,1,0
BRDA:53,2,0,0
BRDA:53,2,1,0
BRF:4
BRH:0
end_of_record
TN:
SF:/Users/adamellis/IdeaProjects/Feedback/app/views/provider/provider.route.spec.js
FNF:0
FNH:0
LF:0
LH:0
BRF:0
BRH:0
end_of_record
TN:
SF:/Users/adamellis/IdeaProjects/Feedback/app/views/receiver/receiver.controller.js
FN:4,(anonymous_1)
FN:14,ReceiverController
FN:20,activate
FNF:3
FNH:1
FNDA:1,(anonymous_1)
FNDA:0,ReceiverController
FNDA:0,activate
DA:4,1
DA:7,1
DA:11,1
DA:14,1
DA:15,0
DA:17,0
DA:20,1
DA:21,0
DA:27,0
DA:32,0
DA:35,0
DA:36,0
DA:37,0
DA:40,0
LF:14
LH:5
BRDA:36,1,0,0
BRDA:36,1,1,0
BRF:2
BRH:0
end_of_record
TN:
SF:/Users/adamellis/IdeaProjects/Feedback/app/views/receiver/receiver.route.js
FN:4,(anonymous_1)
FN:7,(anonymous_2)
FN:22,(anonymous_3)
FN:37,(anonymous_4)
FNF:4
FNH:2
FNDA:1,(anonymous_1)
FNDA:9,(anonymous_2)
FNDA:0,(anonymous_3)
FNDA:0,(anonymous_4)
DA:4,1
DA:5,1
DA:8,9
DA:23,0
DA:24,0
DA:25,0
DA:26,0
DA:31,0
DA:36,0
DA:38,0
LF:10
LH:3
BRDA:25,1,0,0
BRDA:25,1,1,0
BRF:2
BRH:0
end_of_record
